[2024-09-12 23:35:34] [INFO] Loading saved records...
[2024-09-12 23:56:11] [INFO] Loading saved records...
[2024-09-13 00:55:32] [INFO] Loading saved records...
[2024-09-13 02:03:31] [INFO] Loading saved records...
[2024-09-13 12:42:39] [INFO] Loading saved records...
[2024-09-13 12:43:05] [INFO] Loading saved records...
[2024-09-13 12:43:30] [INFO] Loading saved records...
[2024-09-13 12:56:34] [INFO] Loading saved records...
[2024-09-13 13:05:57] [INFO] Loading saved records...
[2024-09-13 13:14:00] [INFO] Loading saved records...
[2024-09-13 13:29:27] [INFO] Loading saved records...
[2024-09-13 13:54:23] [INFO] Loading saved records...
[2024-09-14 01:51:50] [INFO] Loading saved records...
[2024-09-14 16:43:32] [INFO] Loading saved records...
[2024-09-14 16:43:48] [INFO] Loading saved records...
[2024-09-14 16:44:16] [INFO] Loading saved records...
[2024-09-14 16:45:59] [INFO] Loading saved records...
[2024-09-14 16:46:24] [INFO] Loading saved records...
[2024-09-14 16:46:32] [INFO] Loading saved records...
[2024-09-14 16:46:45] [INFO] Loading saved records...
[2024-09-14 16:47:02] [INFO] Loading saved records...
[2024-09-14 16:47:50] [INFO] Loading saved records...
[2024-09-14 16:48:14] [INFO] Loading saved records...
[2024-09-14 16:52:09] [INFO] Loading saved records...
[2024-09-14 16:52:09] [INFO] Loading saved records...2
[2024-09-14 16:52:09] [ERROR] Failed to load records
[2024-09-14 16:59:31] [INFO] Loading saved records...
[2024-09-14 16:59:31] [ERROR] Failed to read serialized data
[2024-09-14 16:59:31] [ERROR] Failed to load serialized data
[2024-09-14 16:59:31] [ERROR] Failed to load records
[2024-09-14 16:59:31] [ERROR] Failed to load records
[2024-09-14 16:59:53] [INFO] Records saved
[2024-09-14 17:00:29] [INFO] Loading saved records...
[2024-09-14 17:00:29] [ERROR] Failed to read serialized data
[2024-09-14 17:00:29] [ERROR] Failed to load serialized data
[2024-09-14 17:00:29] [ERROR] Failed to load records
[2024-09-14 17:00:29] [ERROR] Failed to load records
[2024-09-14 17:00:33] [INFO] Records saved
[2024-09-14 17:02:34] [INFO] Loading saved records...
[2024-09-14 17:02:34] [ERROR] Failed to read serialized data
[2024-09-14 17:02:34] [ERROR] Failed to load serialized data
[2024-09-14 17:02:34] [ERROR] Failed to load records
[2024-09-14 17:02:34] [ERROR] Failed to load records
[2024-09-14 17:02:40] [INFO] Recording started
[2024-09-14 17:02:47] [INFO] Records saved
[2024-09-14 17:02:53] [INFO] Records saved
[2024-09-14 17:02:55] [INFO] Loading saved records...
[2024-09-14 17:03:25] [INFO] Records saved
